<?xml version="1.0" encoding="UTF-8"?>
<!-- Generated by org.testng.reporters.JUnitXMLReporter -->
<testsuite ignored="2" hostname="DESKTOP-VI7ENPP" failures="0" tests="1" name="myTest" time="13.299" errors="0" timestamp="2025-03-18T20:28:41 IST">
  <testcase classname="testscript.ManageNewsTest" name="verifyUserIsAbleToAddNewNews" time="6.486"/>
  <testcase classname="testscript.ManageNewsTest" name="VerifyUserIsAbleToSearchExcistingNews" time="0.0">
    <ignored/>
  </testcase> <!-- VerifyUserIsAbleToSearchExcistingNews -->
  <testcase classname="testscript.ManageNewsTest" name="verifyUserIsAbleToEditNews" time="0.0">
    <ignored/>
  </testcase> <!-- verifyUserIsAbleToEditNews -->
</testsuite> <!-- myTest -->
